{#funcName,count,[FileName,linenumber]
__WRITE_ONCE,1,[/home/sayandes/opened_extraction/examples/cilium/include/bpf/compiler.h,104]
barrier,1,[/home/sayandes/opened_extraction/examples/cilium/include/bpf/compiler.h,79]
bpf_barrier,1,[/home/sayandes/opened_extraction/examples/cilium/include/bpf/compiler.h,86]
WRITE_ONCE,1,[/home/sayandes/opened_extraction/examples/cilium/include/bpf/compiler.h,117]
bpf_clear_meta,2,[/home/sayandes/opened_extraction/examples/cilium/lib/overloadable_skb.h,8],[/home/sayandes/opened_extraction/examples/cilium/lib/overloadable_xdp.h,8]
likely,1,[/home/sayandes/opened_extraction/examples/cilium/include/bpf/compiler.h,40]
always_succeeds,1,[/home/sayandes/opened_extraction/examples/cilium/include/bpf/compiler.h,48]
build_bug_on,1,[/home/sayandes/opened_extraction/examples/cilium/include/bpf/compiler.h,67]
ctx_store_meta,2,[/home/sayandes/opened_extraction/examples/cilium/include/bpf/ctx/skb.h,91],[/home/sayandes/opened_extraction/examples/cilium/include/bpf/ctx/xdp.h,331]
ctx_skip_nodeport_clear,2,[/home/sayandes/opened_extraction/examples/cilium/lib/overloadable_skb.h,102],[/home/sayandes/opened_extraction/examples/cilium/lib/overloadable_xdp.h,59]
bpf_skip_nodeport_clear,1,[/home/sayandes/opened_extraction/examples/cilium/lib/nodeport.h,32]
ctx_data,1,[/home/sayandes/opened_extraction/examples/cilium/include/bpf/ctx/common.h,16]
ctx_data_end,1,[/home/sayandes/opened_extraction/examples/cilium/include/bpf/ctx/common.h,26]
unlikely,1,[/home/sayandes/opened_extraction/examples/cilium/include/bpf/compiler.h,44]
ctx_no_room,1,[/home/sayandes/opened_extraction/examples/cilium/include/bpf/ctx/common.h,31]
ctx_get_protocol,2,[/home/sayandes/opened_extraction/examples/cilium/include/bpf/ctx/skb.h,103],[/home/sayandes/opened_extraction/examples/cilium/include/bpf/ctx/xdp.h,352]
___constant_swab16,1,[/home/sayandes/opened_extraction/examples/cilium/include/linux/swab.h,12]
__constant_ntohs,2,[/home/sayandes/opened_extraction/examples/cilium/include/linux/byteorder/big_endian.h,19],[/home/sayandes/opened_extraction/examples/cilium/include/linux/byteorder/little_endian.h,19]
__bpf_ntohs,2,[/home/sayandes/opened_extraction/examples/cilium/lib/endian.h,12],[/home/sayandes/opened_extraction/examples/cilium/lib/endian.h,18]
bpf_ntohs,1,[/home/sayandes/opened_extraction/examples/cilium/lib/endian.h,29]
validate_ethertype,1,[/home/sayandes/opened_extraction/examples/cilium/lib/common.h,121]
__constant_htons,2,[/home/sayandes/opened_extraction/examples/cilium/include/linux/byteorder/big_endian.h,18],[/home/sayandes/opened_extraction/examples/cilium/include/linux/byteorder/little_endian.h,18]
__bpf_htons,2,[/home/sayandes/opened_extraction/examples/cilium/lib/endian.h,13],[/home/sayandes/opened_extraction/examples/cilium/lib/endian.h,19]
bpf_htons,1,[/home/sayandes/opened_extraction/examples/cilium/lib/endian.h,26]
ctx_pull_data,2,[/home/sayandes/opened_extraction/examples/cilium/include/bpf/ctx/skb.h,44],[/home/sayandes/opened_extraction/examples/cilium/include/bpf/ctx/xdp.h,98]
____revalidate_data_pull,1,[/home/sayandes/opened_extraction/examples/cilium/lib/common.h,145]
__revalidate_data_pull,1,[/home/sayandes/opened_extraction/examples/cilium/lib/common.h,170]
revalidate_data_pull,1,[/home/sayandes/opened_extraction/examples/cilium/lib/common.h,184]
is_esp,1,[/home/sayandes/opened_extraction/examples/cilium/bpf_overlay.c,401]
ctx_full_len,2,[/home/sayandes/opened_extraction/examples/cilium/include/bpf/ctx/skb.h,79],[/home/sayandes/opened_extraction/examples/cilium/include/bpf/ctx/xdp.h,310]
__min,1,[/home/sayandes/opened_extraction/examples/cilium/lib/utils.h,14]
min_t,1,[/home/sayandes/opened_extraction/examples/cilium/lib/utils.h,36]
update_metrics,1,[/home/sayandes/opened_extraction/examples/cilium/lib/metrics.h,24]
update_trace_metrics,1,[/home/sayandes/opened_extraction/examples/cilium/lib/trace.h,81]
emit_trace_notify,1,[/home/sayandes/opened_extraction/examples/cilium/lib/trace.h,155]
get_hash,2,[/home/sayandes/opened_extraction/examples/cilium/include/bpf/ctx/skb.h,57],[/home/sayandes/opened_extraction/examples/cilium/include/bpf/ctx/xdp.h,107]
get_hash_recalc,2,[/home/sayandes/opened_extraction/examples/cilium/include/bpf/ctx/skb.h,58],[/home/sayandes/opened_extraction/examples/cilium/include/bpf/ctx/xdp.h,108]
__notify_common_hdr,1,[/home/sayandes/opened_extraction/examples/cilium/lib/common.h,391]
__notify_pktcap_hdr,1,[/home/sayandes/opened_extraction/examples/cilium/lib/common.h,397]
__throw_build_bug,1,[/home/sayandes/opened_extraction/examples/cilium/include/bpf/compiler.h,71]
__it_bwd,1,[/home/sayandes/opened_extraction/examples/cilium/include/bpf/builtins.h,25]
__it_set,1,[/home/sayandes/opened_extraction/examples/cilium/include/bpf/builtins.h,29]
__builtin_memset,1,[/home/sayandes/opened_extraction/examples/cilium/include/bpf/builtins.h,136]
__bpf_memset_builtin,1,[/home/sayandes/opened_extraction/examples/cilium/include/bpf/builtins.h,39]
__bpf_memzero,1,[/home/sayandes/opened_extraction/examples/cilium/include/bpf/builtins.h,47]
memset,1,[/home/sayandes/opened_extraction/examples/cilium/include/bpf/builtins.h,138]
ctx_event_output,2,[/home/sayandes/opened_extraction/examples/cilium/include/bpf/ctx/skb.h,49],[/home/sayandes/opened_extraction/examples/cilium/include/bpf/ctx/xdp.h,103]
send_trace_notify,2,[/home/sayandes/opened_extraction/examples/cilium/lib/trace.h,185],[/home/sayandes/opened_extraction/examples/cilium/lib/trace.h,282]
get_identity,2,[/home/sayandes/opened_extraction/examples/cilium/lib/overloadable_skb.h,23],[/home/sayandes/opened_extraction/examples/cilium/lib/overloadable_xdp.h,13]
tail_call_static,2,[/home/sayandes/opened_extraction/examples/cilium/include/bpf/tailcall.h,11],[/home/sayandes/opened_extraction/examples/cilium/include/bpf/tailcall.h,51]
ep_tail_call,1,[/home/sayandes/opened_extraction/examples/cilium/lib/maps.h,276]
IS_ERR,1,[/home/sayandes/opened_extraction/examples/cilium/lib/common.h,413]
_send_drop_notify,2,[/home/sayandes/opened_extraction/examples/cilium/lib/drop.h,119],[/home/sayandes/opened_extraction/examples/cilium/lib/drop.h,96]
__DROP_REASON,1,[/home/sayandes/opened_extraction/examples/cilium/lib/drop.h,144]
send_drop_notify_error,1,[/home/sayandes/opened_extraction/examples/cilium/lib/drop.h,165]
from_overlay,1,[/home/sayandes/opened_extraction/examples/cilium/bpf_overlay.c,435]
}
{#map_name,filename,line #, isFound
}
#DUPLICATE MAP DEFNS
{#map_name,file_locations
}
