{#funcName,count,[FileName,linenumber]
___constant_swab32,1,[/home/sayandes/opened_extraction/examples/cilium/include/linux/swab.h,16]
__constant_ntohl,2,[/home/sayandes/opened_extraction/examples/cilium/include/linux/byteorder/big_endian.h,17],[/home/sayandes/opened_extraction/examples/cilium/include/linux/byteorder/little_endian.h,17]
__bpf_ntohl,2,[/home/sayandes/opened_extraction/examples/cilium/lib/endian.h,14],[/home/sayandes/opened_extraction/examples/cilium/lib/endian.h,20]
bpf_ntohl,1,[/home/sayandes/opened_extraction/examples/cilium/lib/endian.h,36]
__READ_ONCE,1,[/home/sayandes/opened_extraction/examples/cilium/include/bpf/compiler.h,100]
barrier,1,[/home/sayandes/opened_extraction/examples/cilium/include/bpf/compiler.h,79]
bpf_barrier,1,[/home/sayandes/opened_extraction/examples/cilium/include/bpf/compiler.h,86]
READ_ONCE,1,[/home/sayandes/opened_extraction/examples/cilium/include/bpf/compiler.h,110]
sk_extract4_key,1,[/home/sayandes/opened_extraction/examples/cilium/sockops/bpf_sockops.c,26]
sk_lb4_key,1,[/home/sayandes/opened_extraction/examples/cilium/sockops/bpf_sockops.c,42]
lb4_svc_is_local_scope,1,[/home/sayandes/opened_extraction/examples/cilium/lib/lb.h,274]
lb4_to_lb6_service,1,[/home/sayandes/opened_extraction/examples/cilium/lib/lb.h,1167]
lb4_svc_is_l7loadbalancer,1,[/home/sayandes/opened_extraction/examples/cilium/lib/lb.h,321]
lb4_lookup_service,1,[/home/sayandes/opened_extraction/examples/cilium/lib/lb.h,1177]
IPCACHE_PREFIX_LEN,1,[/home/sayandes/opened_extraction/examples/cilium/lib/eps.h,63]
__constant_htonl,2,[/home/sayandes/opened_extraction/examples/cilium/include/linux/byteorder/big_endian.h,16],[/home/sayandes/opened_extraction/examples/cilium/include/linux/byteorder/little_endian.h,16]
__bpf_htonl,2,[/home/sayandes/opened_extraction/examples/cilium/lib/endian.h,15],[/home/sayandes/opened_extraction/examples/cilium/lib/endian.h,21]
bpf_htonl,1,[/home/sayandes/opened_extraction/examples/cilium/lib/endian.h,33]
ctx_load_bytes,2,[/home/sayandes/opened_extraction/examples/cilium/include/bpf/ctx/skb.h,35],[/home/sayandes/opened_extraction/examples/cilium/include/bpf/ctx/xdp.h,88]
offsetof,1,[/home/sayandes/opened_extraction/examples/cilium/include/bpf/compiler.h,20]
ctx_store_bytes,2,[/home/sayandes/opened_extraction/examples/cilium/include/bpf/ctx/skb.h,36],[/home/sayandes/opened_extraction/examples/cilium/include/bpf/ctx/xdp.h,89]
csum_add,1,[/home/sayandes/opened_extraction/examples/cilium/include/bpf/csum.h,22]
csum_diff,1,[/home/sayandes/opened_extraction/examples/cilium/include/bpf/csum.h,33]
GET_PREFIX,1,[/home/sayandes/opened_extraction/examples/cilium/lib/ipv6.h,118]
ipcache_lookup4,1,[/home/sayandes/opened_extraction/examples/cilium/lib/eps.h,83]
lookup_ip4_remote_endpoint,1,[/home/sayandes/opened_extraction/examples/cilium/lib/eps.h,130]
lookup_ip4_endpoint_policy_map,1,[/home/sayandes/opened_extraction/examples/cilium/lib/eps.h,48]
likely,1,[/home/sayandes/opened_extraction/examples/cilium/include/bpf/compiler.h,40]
unlikely,1,[/home/sayandes/opened_extraction/examples/cilium/include/bpf/compiler.h,44]
policy_sk_egress,1,[/home/sayandes/opened_extraction/examples/cilium/lib/policy.h,16]
__take_second_arg,1,[/home/sayandes/opened_extraction/examples/cilium/lib/config.h,8]
____is_defined,1,[/home/sayandes/opened_extraction/examples/cilium/lib/config.h,12]
___is_defined,1,[/home/sayandes/opened_extraction/examples/cilium/lib/config.h,11]
__is_defined,1,[/home/sayandes/opened_extraction/examples/cilium/lib/config.h,10]
is_defined,1,[/home/sayandes/opened_extraction/examples/cilium/lib/config.h,14]
redirect_to_proxy,2,[/home/sayandes/opened_extraction/examples/cilium/bpf_lxc.c,158],[/home/sayandes/opened_extraction/examples/cilium/sockops/bpf_sockops.c,50]
__lookup_ip4_endpoint,1,[/home/sayandes/opened_extraction/examples/cilium/lib/eps.h,30]
bpf_sock_ops_ipv4,1,[/home/sayandes/opened_extraction/examples/cilium/sockops/bpf_sockops.c,55]
bpf_sock_ops_ipv6,1,[/home/sayandes/opened_extraction/examples/cilium/sockops/bpf_sockops.c,122]
bpf_sockmap,1,[/home/sayandes/opened_extraction/examples/cilium/sockops/bpf_sockops.c,130]
}
{#map_name,filename,line #, isFound
}
#DUPLICATE MAP DEFNS
{#map_name,file_locations
}
