ctx_pull_data,2,/home/sayandes/opened_extraction/examples/cilium/include/bpf/ctx/skb.h,44,/home/sayandes/opened_extraction/examples/cilium/include/bpf/ctx/xdp.h,98
__constant_htons,2,/home/sayandes/opened_extraction/examples/cilium/include/linux/byteorder/big_endian.h,18,/home/sayandes/opened_extraction/examples/cilium/include/linux/byteorder/little_endian.h,18
__bpf_htons,2,/home/sayandes/opened_extraction/examples/cilium/lib/endian.h,13,/home/sayandes/opened_extraction/examples/cilium/lib/endian.h,19
ctx_get_xfer,2,/home/sayandes/opened_extraction/examples/cilium/lib/overloadable_skb.h,146,/home/sayandes/opened_extraction/examples/cilium/lib/overloadable_xdp.h,85
ctx_load_meta,2,/home/sayandes/opened_extraction/examples/cilium/include/bpf/ctx/skb.h,97,/home/sayandes/opened_extraction/examples/cilium/include/bpf/ctx/xdp.h,341
ctx_skip_nodeport,2,/home/sayandes/opened_extraction/examples/cilium/lib/overloadable_skb.h,118,/home/sayandes/opened_extraction/examples/cilium/lib/overloadable_xdp.h,75
ctx_get_protocol,2,/home/sayandes/opened_extraction/examples/cilium/include/bpf/ctx/skb.h,103,/home/sayandes/opened_extraction/examples/cilium/include/bpf/ctx/xdp.h,352
__constant_ntohs,2,/home/sayandes/opened_extraction/examples/cilium/include/linux/byteorder/big_endian.h,19,/home/sayandes/opened_extraction/examples/cilium/include/linux/byteorder/little_endian.h,19
__bpf_ntohs,2,/home/sayandes/opened_extraction/examples/cilium/lib/endian.h,12,/home/sayandes/opened_extraction/examples/cilium/lib/endian.h,18
ctx_load_bytes,2,/home/sayandes/opened_extraction/examples/cilium/include/bpf/ctx/skb.h,35,/home/sayandes/opened_extraction/examples/cilium/include/bpf/ctx/xdp.h,88
ctx_full_len,2,/home/sayandes/opened_extraction/examples/cilium/include/bpf/ctx/skb.h,79,/home/sayandes/opened_extraction/examples/cilium/include/bpf/ctx/xdp.h,310
ctx_event_output,2,/home/sayandes/opened_extraction/examples/cilium/include/bpf/ctx/skb.h,49,/home/sayandes/opened_extraction/examples/cilium/include/bpf/ctx/xdp.h,103
cilium_capture_in,2,/home/sayandes/opened_extraction/examples/cilium/lib/pcap.h,458,/home/sayandes/opened_extraction/examples/cilium/lib/pcap.h,484
get_hash,2,/home/sayandes/opened_extraction/examples/cilium/include/bpf/ctx/skb.h,57,/home/sayandes/opened_extraction/examples/cilium/include/bpf/ctx/xdp.h,107
get_hash_recalc,2,/home/sayandes/opened_extraction/examples/cilium/include/bpf/ctx/skb.h,58,/home/sayandes/opened_extraction/examples/cilium/include/bpf/ctx/xdp.h,108
cilium_dbg3,2,/home/sayandes/opened_extraction/examples/cilium/lib/dbg.h,196,/home/sayandes/opened_extraction/examples/cilium/lib/dbg.h,249
cilium_dbg,2,/home/sayandes/opened_extraction/examples/cilium/lib/dbg.h,183,/home/sayandes/opened_extraction/examples/cilium/lib/dbg.h,243
bpf_sec_to_mono,2,/home/sayandes/opened_extraction/examples/cilium/lib/mono.h,11,/home/sayandes/opened_extraction/examples/cilium/lib/mono.h,14
bpf_mono_now,2,/home/sayandes/opened_extraction/examples/cilium/lib/mono.h,10,/home/sayandes/opened_extraction/examples/cilium/lib/mono.h,13
send_trace_notify,2,/home/sayandes/opened_extraction/examples/cilium/lib/trace.h,185,/home/sayandes/opened_extraction/examples/cilium/lib/trace.h,282
ctx_store_meta,2,/home/sayandes/opened_extraction/examples/cilium/include/bpf/ctx/skb.h,91,/home/sayandes/opened_extraction/examples/cilium/include/bpf/ctx/xdp.h,331
ctx_store_bytes,2,/home/sayandes/opened_extraction/examples/cilium/include/bpf/ctx/skb.h,36,/home/sayandes/opened_extraction/examples/cilium/include/bpf/ctx/xdp.h,89
tail_call_static,2,/home/sayandes/opened_extraction/examples/cilium/include/bpf/tailcall.h,11,/home/sayandes/opened_extraction/examples/cilium/include/bpf/tailcall.h,51
ctx_redirect,2,/home/sayandes/opened_extraction/examples/cilium/include/bpf/ctx/skb.h,61,/home/sayandes/opened_extraction/examples/cilium/include/bpf/ctx/xdp.h,292
ctx_change_proto,2,/home/sayandes/opened_extraction/examples/cilium/include/bpf/ctx/skb.h,41,/home/sayandes/opened_extraction/examples/cilium/include/bpf/ctx/xdp.h,199
__constant_htonl,2,/home/sayandes/opened_extraction/examples/cilium/include/linux/byteorder/big_endian.h,16,/home/sayandes/opened_extraction/examples/cilium/include/linux/byteorder/little_endian.h,16
__bpf_htonl,2,/home/sayandes/opened_extraction/examples/cilium/lib/endian.h,15,/home/sayandes/opened_extraction/examples/cilium/lib/endian.h,21
cilium_dbg_lb,2,/home/sayandes/opened_extraction/examples/cilium/lib/lb.h,187,/home/sayandes/opened_extraction/examples/cilium/lib/lb.h,189
map_array_get_32,2,/home/sayandes/opened_extraction/examples/cilium/include/bpf/access.h,11,/home/sayandes/opened_extraction/examples/cilium/include/bpf/access.h,35
lb4_select_backend_id,2,/home/sayandes/opened_extraction/examples/cilium/lib/lb.h,1242,/home/sayandes/opened_extraction/examples/cilium/lib/lb.h,1254
ctx_set_xfer,2,/home/sayandes/opened_extraction/examples/cilium/lib/overloadable_skb.h,155,/home/sayandes/opened_extraction/examples/cilium/lib/overloadable_xdp.h,90
edt_set_aggregate,2,/home/sayandes/opened_extraction/examples/cilium/lib/edt.h,17,/home/sayandes/opened_extraction/examples/cilium/lib/edt.h,80
_send_drop_notify,2,/home/sayandes/opened_extraction/examples/cilium/lib/drop.h,119,/home/sayandes/opened_extraction/examples/cilium/lib/drop.h,96
send_policy_verdict_notify,2,/home/sayandes/opened_extraction/examples/cilium/lib/policy_log.h,50,/home/sayandes/opened_extraction/examples/cilium/lib/policy_log.h,80
ctx_change_type,2,/home/sayandes/opened_extraction/examples/cilium/include/bpf/ctx/skb.h,40,/home/sayandes/opened_extraction/examples/cilium/include/bpf/ctx/xdp.h,95
set_identity_mark,2,/home/sayandes/opened_extraction/examples/cilium/lib/overloadable_skb.h,47,/home/sayandes/opened_extraction/examples/cilium/lib/overloadable_xdp.h,25
ctx_redirect_peer,2,/home/sayandes/opened_extraction/examples/cilium/include/bpf/ctx/skb.h,67,/home/sayandes/opened_extraction/examples/cilium/include/bpf/ctx/xdp.h,301
tail_call_dynamic,2,/home/sayandes/opened_extraction/examples/cilium/include/bpf/tailcall.h,36,/home/sayandes/opened_extraction/examples/cilium/include/bpf/tailcall.h,52
ctx_set_tunnel_key,2,/home/sayandes/opened_extraction/examples/cilium/include/bpf/ctx/skb.h,47,/home/sayandes/opened_extraction/examples/cilium/include/bpf/ctx/xdp.h,101
set_encrypt_key_meta,2,/home/sayandes/opened_extraction/examples/cilium/lib/overloadable_skb.h,69,/home/sayandes/opened_extraction/examples/cilium/lib/overloadable_xdp.h,41
set_encrypt_dip,2,/home/sayandes/opened_extraction/examples/cilium/lib/overloadable_skb.h,38,/home/sayandes/opened_extraction/examples/cilium/lib/overloadable_xdp.h,19
set_identity_meta,2,/home/sayandes/opened_extraction/examples/cilium/lib/overloadable_skb.h,54,/home/sayandes/opened_extraction/examples/cilium/lib/overloadable_xdp.h,30
get_identity,2,/home/sayandes/opened_extraction/examples/cilium/lib/overloadable_skb.h,23,/home/sayandes/opened_extraction/examples/cilium/lib/overloadable_xdp.h,13
ctx_get_tunnel_key,2,/home/sayandes/opened_extraction/examples/cilium/include/bpf/ctx/skb.h,46,/home/sayandes/opened_extraction/examples/cilium/include/bpf/ctx/xdp.h,100
cilium_dbg_capture2,2,/home/sayandes/opened_extraction/examples/cilium/lib/dbg.h,216,/home/sayandes/opened_extraction/examples/cilium/lib/dbg.h,262
cilium_dbg_capture,2,/home/sayandes/opened_extraction/examples/cilium/lib/dbg.h,233,/home/sayandes/opened_extraction/examples/cilium/lib/dbg.h,256
